Content-Type: multipart/alternative;
 boundary="===============6746814294857022462=="
MIME-Version: 1.0
Subject: =?utf-8?b?8J+agCDCoU5vIHRlIHF1ZWRlcyBhdHLDoXMgZW4gdHUgY3Vyc28h?=
From: Marketing Digital Chile <academia@mdchile.cl>
To: oncocit2@gmail.com
Date: Tue, 10 Mar 2026 17:28:04 -0000
Message-ID: <177316368457.9956.1884439542916312898@LAPTOP-Q7TI05NJ>

--===============6746814294857022462==
Content-Type: text/plain; charset="utf-8"
MIME-Version: 1.0
Content-Transfer-Encoding: 8bit




    
        ¡Hola, Angelo Vilche H! 🚀
        Tenemos nuevas lecciones esperándote en la plataforma. ¡No detengas tu ruta de aprendizaje!
        
            
                VOLVER A MIS CURSOS
            
        
        
            Has recibido este correo porque eres parte de la academia de Marketing Digital Chile.
        
    


--===============6746814294857022462==
Content-Type: text/html; charset="utf-8"
MIME-Version: 1.0
Content-Transfer-Encoding: 8bit

<!DOCTYPE html>
<html>
<body style="font-family: Arial, sans-serif; background-color: #0b1220; color: #ffffff; padding: 20px;">
    <div style="max-width: 600px; margin: auto; background-color: #1a2235; padding: 30px; border-radius: 20px; border: 1px solid #30363d;">
        <h1 style="color: #007bff; text-align: center;">¡Hola, Angelo Vilche H! 🚀</h1>
        <p style="font-size: 16px; line-height: 1.6;">Tenemos nuevas lecciones esperándote en la plataforma. ¡No detengas tu ruta de aprendizaje!</p>
        <div style="text-align: center; margin-top: 30px;">
            <a href="https://mdchile.cl" style="background-color: #ff8c00; color: white; padding: 15px 25px; text-decoration: none; border-radius: 10px; font-weight: bold;">
                VOLVER A MIS CURSOS
            </a>
        </div>
        <p style="font-size: 12px; color: #8b949e; margin-top: 40px; text-align: center;">
            Has recibido este correo porque eres parte de la academia de Marketing Digital Chile.
        </p>
    </div>
</body>
</html>
--===============6746814294857022462==--

-------------------------------------------------------------------------------
